Error: 15/03/2016 [18:31:16] - invalid object parameter: "absorption: 1"
Error: 15/03/2016 [18:40:34] - No such file or directory: "resource/scene/tri"
Error: 17/03/2016 [18:01:59] - invalid object parameter: "pos2: {x: 0, y: 5, z: 0}"
Error: 17/03/2016 [18:01:59] - invalid object parameter: "pos3: {x: 5, y: 0, z: 0}"
Error: 17/03/2016 [18:03:14] - invalid object parameter: "pos2: {x: 0, y: 5, z: 0}"
Error: 17/03/2016 [18:03:14] - invalid object parameter: "pos3: {x: 5, y: 0, z: 0}"
Error: 17/03/2016 [18:04:26] - invalid object parameter: "pos2: {x: 0, y: 5, z: 0}"
Error: 17/03/2016 [18:04:26] - invalid object parameter: "pos3: {x: 5, y: 0, z: 0}"
Error: 17/03/2016 [18:04:43] - invalid object parameter: "pos2: {x: 0, y: 5, z: 0}"
Error: 17/03/2016 [18:04:43] - invalid object parameter: "pos3: {x: 5, y: 0, z: 0}"
Error: 17/03/2016 [18:04:53] - invalid object parameter: "pos2: {x: 0, y: 5, z: 0}"
Error: 17/03/2016 [18:04:53] - invalid object parameter: "pos3: {x: 5, y: 0, z: 0}"
Error: 17/03/2016 [18:10:24] - invalid object parameter: "- type: PLANE"
Error: 17/03/2016 [18:10:24] - invalid object parameter: "pos: {x: 0, y:0, z: 30}"
Error: 17/03/2016 [18:10:24] - invalid object parameter: "dir: {x: 0, y:0, z: 1}"
Error: 17/03/2016 [18:10:24] - invalid object parameter: "material:"
Error: 17/03/2016 [18:10:30] - invalid object parameter: "- type: PLANE"
Error: 17/03/2016 [18:10:30] - invalid object parameter: "pos: {x: 0, y:0, z: 30}"
Error: 17/03/2016 [18:10:30] - invalid object parameter: "dir: {x: 0, y:0, z: 1}"
Error: 17/03/2016 [18:10:30] - invalid object parameter: "material:"
Error: 17/03/2016 [18:14:47] - invalid object parameter: "- type: TRIANGLE"
Error: 17/03/2016 [18:14:47] - invalid object parameter: "pos: {x: 0, y: 0, z: 10}"
Error: 17/03/2016 [18:14:47] - invalid object parameter: "pos2: {x: 0, y: 5, z: 0}"
Error: 17/03/2016 [18:14:47] - invalid object parameter: "pos3: {x: 5, y: 0, z: 0}"
Error: 17/03/2016 [18:14:48] - invalid object parameter: "material:"
Error: 17/03/2016 [18:15:16] - invalid object parameter: "- type: TRIANGLE"
Error: 17/03/2016 [18:15:16] - invalid object parameter: "pos: {x: 0, y: 0, z: 10}"
Error: 17/03/2016 [18:15:16] - invalid object parameter: "pos2: {x: 0, y: 5, z: 0}"
Error: 17/03/2016 [18:15:16] - invalid object parameter: "pos3: {x: 5, y: 0, z: 0}"
Error: 17/03/2016 [18:15:16] - invalid object parameter: "material:"
Error: 17/03/2016 [18:57:25] - invalid object parameter: "- type: TRIANGLE"
Error: 17/03/2016 [18:57:26] - invalid object parameter: "pos: {x: 0, y: 0, z: 10}"
Error: 17/03/2016 [18:57:26] - invalid object parameter: "pos2: {x: 0, y: 5, z: 0}"
Error: 17/03/2016 [18:57:26] - invalid object parameter: "pos3: {x: 5, y: 0, z: 0}"
Error: 17/03/2016 [18:57:26] - invalid object parameter: "material:"
Error: 17/03/2016 [18:57:33] - invalid object parameter: "- type: TRIANGLE"
Error: 17/03/2016 [18:57:33] - invalid object parameter: "pos: {x: 0, y: 0, z: 10}"
Error: 17/03/2016 [18:57:34] - invalid object parameter: "pos2: {x: 0, y: 5, z: 0}"
Error: 17/03/2016 [18:57:34] - invalid object parameter: "pos3: {x: 5, y: 0, z: 0}"
Error: 17/03/2016 [18:57:34] - invalid object parameter: "material:"
Error: 17/03/2016 [19:01:10] - invalid object parameter: ""
Error: 17/03/2016 [19:01:29] - invalid object parameter: ""
Error: 17/03/2016 [19:02:25] - invalid object parameter: ""
Error: 17/03/2016 [19:02:30] - invalid object parameter: ""
Error: 17/03/2016 [20:21:15] - invalid object parameter: "absorption: 1"
Error: 17/03/2016 [20:21:59] - invalid object type: "- type: HYPERBOLOID_ONE"
Error: 17/03/2016 [21:58:21] - No such file or directory: "resource/scene/sphere"
Error: 17/03/2016 [22:43:18] - invalid object type: "- type: PARABOLOID"
Error: 20/03/2016 [04:09:53] - invalid object parameter: "pr: 1"
Error: 20/03/2016 [04:09:53] - invalid object parameter: "gr: 10"
Error: 20/03/2016 [07:00:25] - invalid object type: "- type: CUBE_TROUE"
Error: 20/03/2016 [07:00:42] - invalid object type: "- type: CUBE_TROUE"
Error: 20/03/2016 [07:01:40] - invalid object type: "- type: CUBE_TROUE"
